Using pre-set license
Built from '2020.3/release' branch; Version is '2020.3.12f1 (b3b2c6512326) revision 11776710'; Using compiler version '192528614'; Build Type 'Release'
OS: 'Windows 10 Home; OS build 19042.1165; Version 2009; 64bit' Language: 'en' Physical Memory: 16240 MB
BatchMode: 1, IsHumanControllingUs: 0, StartBugReporterOnCrash: 0, Is64bit: 1, IsPro: 0

 COMMAND LINE ARGUMENTS:
C:\Program Files\Unity\Hub\Editor\2020.3.12f1\Editor\Unity.exe
-adb2
-batchMode
-noUpm
-name
AssetImportWorker0
-projectPath
D:/Github/Mini_RPG
-logFile
Logs/AssetImportWorker0.log
-srvPort
59308
Successfully changed project path to: D:/Github/Mini_RPG
D:/Github/Mini_RPG
Using Asset Import Pipeline V2.
Refreshing native plugins compatible for Editor in 35.08 ms, found 2 plugins.
Preloading 0 native plugins for Editor in 0.00 ms.
Initialize engine version: 2020.3.12f1 (b3b2c6512326)
[Subsystems] Discovering subsystems at path C:/Program Files/Unity/Hub/Editor/2020.3.12f1/Editor/Data/Resources/UnitySubsystems
[Subsystems] Discovering subsystems at path D:/Github/Mini_RPG/Assets
GfxDevice: creating device client; threaded=0
Direct3D:
    Version:  Direct3D 11.0 [level 11.1]
    Renderer: NVIDIA GeForce GTX 1070 (ID=0x1be1)
    Vendor:   
    VRAM:     8081 MB
    Driver:   23.21.13.9125
Initialize mono
Mono path[0] = 'C:/Program Files/Unity/Hub/Editor/2020.3.12f1/Editor/Data/Managed'
Mono path[1] = 'C:/Program Files/Unity/Hub/Editor/2020.3.12f1/Editor/Data/MonoBleedingEdge/lib/mono/unityjit'
Mono config path = 'C:/Program Files/Unity/Hub/Editor/2020.3.12f1/Editor/Data/MonoBleedingEdge/etc'
Using monoOptions --debugger-agent=transport=dt_socket,embedding=1,server=y,suspend=n,address=127.0.0.1:56468
Begin MonoManager ReloadAssembly
Registering precompiled unity dll's ...
Register platform support module: C:/Program Files/Unity/Hub/Editor/2020.3.12f1/Editor/Data/PlaybackEngines/WebGLSupport/UnityEditor.WebGL.Extensions.dll
Register platform support module: C:/Program Files/Unity/Hub/Editor/2020.3.12f1/Editor/Data/PlaybackEngines/WindowsStandaloneSupport/UnityEditor.WindowsStandalone.Extensions.dll
Registered in 0.003541 seconds.
Native extension for WindowsStandalone target not found
Native extension for WebGL target not found
Refreshing native plugins compatible for Editor in 33.67 ms, found 2 plugins.
Preloading 0 native plugins for Editor in 0.00 ms.
Mono: successfully reloaded assembly
- Completed reload, in  1.125 seconds
Platform modules already initialized, skipping
Registering precompiled user dll's ...
Registered in 0.002634 seconds.
Begin MonoManager ReloadAssembly
Native extension for WindowsStandalone target not found
Native extension for WebGL target not found
Refreshing native plugins compatible for Editor in 0.35 ms, found 2 plugins.
Preloading 0 native plugins for Editor in 0.00 ms.
Mono: successfully reloaded assembly
- Completed reload, in  0.963 seconds
Platform modules already initialized, skipping
========================================================================
Worker process is ready to serve import requests
Launched and connected shader compiler UnityShaderCompiler.exe after 0.05 seconds
Refreshing native plugins compatible for Editor in 0.36 ms, found 2 plugins.
Preloading 0 native plugins for Editor in 0.00 ms.
Unloading 1725 Unused Serialized files (Serialized files now loaded: 0)
System memory in use before: 87.9 MB.
System memory in use after: 88.0 MB.

Unloading 19 unused Assets to reduce memory usage. Loaded Objects now: 2167.
Total: 1.842500 ms (FindLiveObjects: 0.152600 ms CreateObjectMapping: 0.055400 ms MarkObjects: 1.561500 ms  DeleteObjects: 0.072200 ms)

AssetImportParameters requested are different than current active one (requested -> active):
  custom:framework-win-MediaFoundation: 216162199b28c13a410421893ffa2e32 -> 
  custom:video-decoder-ogg-theora: a1e56fd34408186e4bbccfd4996cb3dc -> 
  custom:container-muxer-webm: aa71ff27fc2769a1b78a27578f13a17b -> 
  custom:container-demuxer-webm: 4f35f7cbe854078d1ac9338744f61a02 -> 
  custom:container-demuxer-ogg: 62fdf1f143b41e24485cea50d1cbac27 -> 
  custom:video-encoder-webm-vp8: eb34c28f22e8b96e1ab97ce403110664 -> 
  custom:video-codec-MediaFoundation-h265: 746d11721c4dcdbdad8f713fa42b33f4 -> 
  custom:video-decoder-webm-vp8: 9c59270c3fd7afecdb556c50c9e8de78 -> 
  custom:audio-decoder-ogg-vorbis: bf7c407c2cedff20999df2af8eb42d56 -> 
  custom:audio-encoder-webm-vorbis: bf7c407c2cedff20999df2af8eb42d56 -> 
========================================================================
Received Prepare
Registering precompiled user dll's ...
Registered in 0.002412 seconds.
Begin MonoManager ReloadAssembly
Native extension for WindowsStandalone target not found
Native extension for WebGL target not found
Refreshing native plugins compatible for Editor in 0.42 ms, found 2 plugins.
Preloading 0 native plugins for Editor in 0.00 ms.
Mono: successfully reloaded assembly
- Completed reload, in  0.902 seconds
Platform modules already initialized, skipping
Refreshing native plugins compatible for Editor in 0.36 ms, found 2 plugins.
Preloading 0 native plugins for Editor in 0.00 ms.
Unloading 1703 Unused Serialized files (Serialized files now loaded: 0)
System memory in use before: 86.2 MB.
System memory in use after: 86.3 MB.

Unloading 15 unused Assets to reduce memory usage. Loaded Objects now: 2169.
Total: 2.164100 ms (FindLiveObjects: 0.140100 ms CreateObjectMapping: 0.049200 ms MarkObjects: 1.920800 ms  DeleteObjects: 0.053200 ms)

AssetImportParameters requested are different than current active one (requested -> active):
  custom:framework-win-MediaFoundation: 216162199b28c13a410421893ffa2e32 -> 
  custom:video-decoder-ogg-theora: a1e56fd34408186e4bbccfd4996cb3dc -> 
  custom:container-muxer-webm: aa71ff27fc2769a1b78a27578f13a17b -> 
  custom:container-demuxer-webm: 4f35f7cbe854078d1ac9338744f61a02 -> 
  custom:container-demuxer-ogg: 62fdf1f143b41e24485cea50d1cbac27 -> 
  custom:video-encoder-webm-vp8: eb34c28f22e8b96e1ab97ce403110664 -> 
  custom:video-codec-MediaFoundation-h265: 746d11721c4dcdbdad8f713fa42b33f4 -> 
  custom:video-decoder-webm-vp8: 9c59270c3fd7afecdb556c50c9e8de78 -> 
  custom:audio-decoder-ogg-vorbis: bf7c407c2cedff20999df2af8eb42d56 -> 
  custom:audio-encoder-webm-vorbis: bf7c407c2cedff20999df2af8eb42d56 -> 
========================================================================
Received Prepare
Registering precompiled user dll's ...
Registered in 0.002634 seconds.
Begin MonoManager ReloadAssembly
Native extension for WindowsStandalone target not found
Native extension for WebGL target not found
Refreshing native plugins compatible for Editor in 0.36 ms, found 2 plugins.
Preloading 0 native plugins for Editor in 0.00 ms.
Mono: successfully reloaded assembly
- Completed reload, in  0.964 seconds
Platform modules already initialized, skipping
Refreshing native plugins compatible for Editor in 0.38 ms, found 2 plugins.
Preloading 0 native plugins for Editor in 0.00 ms.
Unloading 1703 Unused Serialized files (Serialized files now loaded: 0)
System memory in use before: 86.3 MB.
System memory in use after: 86.4 MB.

Unloading 14 unused Assets to reduce memory usage. Loaded Objects now: 2172.
Total: 1.960300 ms (FindLiveObjects: 0.157900 ms CreateObjectMapping: 0.054100 ms MarkObjects: 1.704600 ms  DeleteObjects: 0.042800 ms)

AssetImportParameters requested are different than current active one (requested -> active):
  custom:framework-win-MediaFoundation: 216162199b28c13a410421893ffa2e32 -> 
  custom:video-decoder-ogg-theora: a1e56fd34408186e4bbccfd4996cb3dc -> 
  custom:container-muxer-webm: aa71ff27fc2769a1b78a27578f13a17b -> 
  custom:container-demuxer-webm: 4f35f7cbe854078d1ac9338744f61a02 -> 
  custom:container-demuxer-ogg: 62fdf1f143b41e24485cea50d1cbac27 -> 
  custom:video-encoder-webm-vp8: eb34c28f22e8b96e1ab97ce403110664 -> 
  custom:video-codec-MediaFoundation-h265: 746d11721c4dcdbdad8f713fa42b33f4 -> 
  custom:video-decoder-webm-vp8: 9c59270c3fd7afecdb556c50c9e8de78 -> 
  custom:audio-decoder-ogg-vorbis: bf7c407c2cedff20999df2af8eb42d56 -> 
  custom:audio-encoder-webm-vorbis: bf7c407c2cedff20999df2af8eb42d56 -> 
========================================================================
Received Prepare
Registering precompiled user dll's ...
Registered in 0.002557 seconds.
Begin MonoManager ReloadAssembly
Native extension for WindowsStandalone target not found
Native extension for WebGL target not found
Refreshing native plugins compatible for Editor in 0.35 ms, found 2 plugins.
Preloading 0 native plugins for Editor in 0.00 ms.
Mono: successfully reloaded assembly
- Completed reload, in  0.887 seconds
Platform modules already initialized, skipping
Refreshing native plugins compatible for Editor in 0.37 ms, found 2 plugins.
Preloading 0 native plugins for Editor in 0.00 ms.
Unloading 1703 Unused Serialized files (Serialized files now loaded: 0)
System memory in use before: 86.3 MB.
System memory in use after: 86.4 MB.

Unloading 14 unused Assets to reduce memory usage. Loaded Objects now: 2175.
Total: 2.217700 ms (FindLiveObjects: 0.169700 ms CreateObjectMapping: 0.071400 ms MarkObjects: 1.924300 ms  DeleteObjects: 0.050800 ms)

AssetImportParameters requested are different than current active one (requested -> active):
  custom:framework-win-MediaFoundation: 216162199b28c13a410421893ffa2e32 -> 
  custom:video-decoder-ogg-theora: a1e56fd34408186e4bbccfd4996cb3dc -> 
  custom:container-muxer-webm: aa71ff27fc2769a1b78a27578f13a17b -> 
  custom:container-demuxer-webm: 4f35f7cbe854078d1ac9338744f61a02 -> 
  custom:container-demuxer-ogg: 62fdf1f143b41e24485cea50d1cbac27 -> 
  custom:video-encoder-webm-vp8: eb34c28f22e8b96e1ab97ce403110664 -> 
  custom:video-codec-MediaFoundation-h265: 746d11721c4dcdbdad8f713fa42b33f4 -> 
  custom:video-decoder-webm-vp8: 9c59270c3fd7afecdb556c50c9e8de78 -> 
  custom:audio-decoder-ogg-vorbis: bf7c407c2cedff20999df2af8eb42d56 -> 
  custom:audio-encoder-webm-vorbis: bf7c407c2cedff20999df2af8eb42d56 -> 
========================================================================
Received Import Request.
  path: Assets/Scenes
  artifactKey: Guid(5d07b78c63c7ea84cb95e5e382f32a03) Importer(815301076,1909f56bfc062723c751e8b465ee728b)
Start importing Assets/Scenes using Guid(5d07b78c63c7ea84cb95e5e382f32a03) Importer(815301076,1909f56bfc062723c751e8b465ee728b)  -> (artifact id: '2f1c7614ddc5c9d20f7f2c3dd902766d') in 0.009636 seconds 
  Import took 0.012355 seconds .

========================================================================
Received Import Request.
  Time since last request: 0.004209 seconds.
  path: Assets/Scenes
  artifactKey: Guid(5d07b78c63c7ea84cb95e5e382f32a03) Importer(815301076,1909f56bfc062723c751e8b465ee728b)
Start importing Assets/Scenes using Guid(5d07b78c63c7ea84cb95e5e382f32a03) Importer(815301076,1909f56bfc062723c751e8b465ee728b)  -> (artifact id: '2f1c7614ddc5c9d20f7f2c3dd902766d') in 0.001661 seconds 
  Import took 0.004123 seconds .

========================================================================
Received Import Request.
  Time since last request: 8.632799 seconds.
  path: Assets/Scenes/New Scene.unity
  artifactKey: Guid(bc368ff4a84ac6244a1df162e115dc99) Importer(815301076,1909f56bfc062723c751e8b465ee728b)
Start importing Assets/Scenes/New Scene.unity using Guid(bc368ff4a84ac6244a1df162e115dc99) Importer(815301076,1909f56bfc062723c751e8b465ee728b)  -> (artifact id: '210b72683bf3357df210d202ee57a1bd') in 0.024002 seconds 
  Import took 0.026740 seconds .

========================================================================
Received Import Request.
  Time since last request: 85.295803 seconds.
  path: Assets/Scenes/MainScene.unity
  artifactKey: Guid(5e7af4bd95ac53a4cb784a9eedf8f6f9) Importer(815301076,1909f56bfc062723c751e8b465ee728b)
Start importing Assets/Scenes/MainScene.unity using Guid(5e7af4bd95ac53a4cb784a9eedf8f6f9) Importer(815301076,1909f56bfc062723c751e8b465ee728b)  -> (artifact id: '7a3e50fe0b809bf7bc81003116ca05eb') in 0.007400 seconds 
  Import took 0.010122 seconds .

========================================================================
Received Import Request.
  Time since last request: 5.282941 seconds.
  path: Assets/Scenes/MainScene
  artifactKey: Guid(034bc3cd58407eb42afeae9c60d6009d) Importer(815301076,1909f56bfc062723c751e8b465ee728b)
Start importing Assets/Scenes/MainScene using Guid(034bc3cd58407eb42afeae9c60d6009d) Importer(815301076,1909f56bfc062723c751e8b465ee728b)  -> (artifact id: '42357f0c03b653811df28e8c8d45b064') in 0.036546 seconds 
  Import took 0.038971 seconds .

========================================================================
Received Import Request.
  Time since last request: 0.161936 seconds.
  path: Assets/Scenes/MainScene/LightingData.asset
  artifactKey: Guid(c0f17e4c8dd2a9140b13f094cbcd612f) Importer(815301076,1909f56bfc062723c751e8b465ee728b)
Start importing Assets/Scenes/MainScene/LightingData.asset using Guid(c0f17e4c8dd2a9140b13f094cbcd612f) Importer(815301076,1909f56bfc062723c751e8b465ee728b)  -> (artifact id: '2b97cc9dc85bdd45b8a266074cf704ea') in 0.089237 seconds 
  Import took 0.093677 seconds .

========================================================================
Received Import Request.
  Time since last request: 0.000329 seconds.
  path: Assets/Scenes/MainScene/NavMesh.asset
  artifactKey: Guid(da362a8860796804ca6cd0f63e189d08) Importer(815301076,1909f56bfc062723c751e8b465ee728b)
Start importing Assets/Scenes/MainScene/NavMesh.asset using Guid(da362a8860796804ca6cd0f63e189d08) Importer(815301076,1909f56bfc062723c751e8b465ee728b)  -> (artifact id: '7691a63f4a6dd4ca7ec029dcf5595581') in 0.005913 seconds 
  Import took 0.008465 seconds .

========================================================================
Received Import Request.
  Time since last request: 0.000315 seconds.
  path: Assets/Scenes/MainScene/ReflectionProbe-0.exr
  artifactKey: Guid(84fbd954af2b4b548ae1e518f780a86a) Importer(815301076,1909f56bfc062723c751e8b465ee728b)
Start importing Assets/Scenes/MainScene/ReflectionProbe-0.exr using Guid(84fbd954af2b4b548ae1e518f780a86a) Importer(815301076,1909f56bfc062723c751e8b465ee728b)  -> (artifact id: 'd43cca2d51ac901140650858d620d0a0') in 0.124822 seconds 
  Import took 0.127481 seconds .

========================================================================
Received Import Request.
  Time since last request: 370.031277 seconds.
  path: Assets/Scenes/New Scene.unity
  artifactKey: Guid(bc368ff4a84ac6244a1df162e115dc99) Importer(815301076,1909f56bfc062723c751e8b465ee728b)
Start importing Assets/Scenes/New Scene.unity using Guid(bc368ff4a84ac6244a1df162e115dc99) Importer(815301076,1909f56bfc062723c751e8b465ee728b)  -> (artifact id: '7f960662c77e347faebd58ea30051a67') in 0.003352 seconds 
  Import took 0.007386 seconds .

========================================================================
Received Import Request.
  Time since last request: 4.668700 seconds.
  path: Assets/Scenes/MenuScene.unity
  artifactKey: Guid(bc368ff4a84ac6244a1df162e115dc99) Importer(815301076,1909f56bfc062723c751e8b465ee728b)
Start importing Assets/Scenes/MenuScene.unity using Guid(bc368ff4a84ac6244a1df162e115dc99) Importer(815301076,1909f56bfc062723c751e8b465ee728b)  -> (artifact id: '89d455d81b7e39bc334a8fcc6686c0c6') in 0.006358 seconds 
  Import took 0.009261 seconds .

========================================================================
Received Import Request.
  Time since last request: 405.206050 seconds.
  path: Assets/Scenes/MainScene.unity
  artifactKey: Guid(5e7af4bd95ac53a4cb784a9eedf8f6f9) Importer(815301076,1909f56bfc062723c751e8b465ee728b)
Start importing Assets/Scenes/MainScene.unity using Guid(5e7af4bd95ac53a4cb784a9eedf8f6f9) Importer(815301076,1909f56bfc062723c751e8b465ee728b)  -> (artifact id: '0a32de5a81214e23d86b234b5fbd9cb4') in 0.002346 seconds 
  Import took 0.006017 seconds .

========================================================================
Received Import Request.
  Time since last request: 6.621090 seconds.
  path: Assets/Sprites/Background Suggestion Fandom.jpg
  artifactKey: Guid(52140ed9421383a4ba2d3fe8f1c2c3ba) Importer(815301076,1909f56bfc062723c751e8b465ee728b)
Start importing Assets/Sprites/Background Suggestion Fandom.jpg using Guid(52140ed9421383a4ba2d3fe8f1c2c3ba) Importer(815301076,1909f56bfc062723c751e8b465ee728b)  -> (artifact id: '69d6f2f798a826761bd734606b3f81ab') in 0.065579 seconds 
  Import took 0.068343 seconds .

========================================================================
Received Import Request.
  Time since last request: 0.001407 seconds.
  path: Assets/Sprites/Background Suggestion Fandom.jpg
  artifactKey: Guid(52140ed9421383a4ba2d3fe8f1c2c3ba) Importer(815301076,1909f56bfc062723c751e8b465ee728b)
Start importing Assets/Sprites/Background Suggestion Fandom.jpg using Guid(52140ed9421383a4ba2d3fe8f1c2c3ba) Importer(815301076,1909f56bfc062723c751e8b465ee728b)  -> (artifact id: '69d6f2f798a826761bd734606b3f81ab') in 0.014999 seconds 
  Import took 0.018353 seconds .

========================================================================
Received Import Request.
  Time since last request: 10.038027 seconds.
  path: Assets/Sprites/Background Suggestion Fandom.jpg
  artifactKey: Guid(52140ed9421383a4ba2d3fe8f1c2c3ba) Importer(815301076,1909f56bfc062723c751e8b465ee728b)
Start importing Assets/Sprites/Background Suggestion Fandom.jpg using Guid(52140ed9421383a4ba2d3fe8f1c2c3ba) Importer(815301076,1909f56bfc062723c751e8b465ee728b)  -> (artifact id: '92f79050637e0ec911d06361543a8124') in 0.033450 seconds 
  Import took 0.036281 seconds .

========================================================================
Received Import Request.
  Time since last request: 30.300186 seconds.
  path: Assets/Sprites/Background Suggestion Fandom.jpg
  artifactKey: Guid(52140ed9421383a4ba2d3fe8f1c2c3ba) Importer(815301076,1909f56bfc062723c751e8b465ee728b)
Start importing Assets/Sprites/Background Suggestion Fandom.jpg using Guid(52140ed9421383a4ba2d3fe8f1c2c3ba) Importer(815301076,1909f56bfc062723c751e8b465ee728b)  -> (artifact id: 'de495cec781ee43c288d5b0137bd1cbe') in 0.013883 seconds 
  Import took 0.016722 seconds .

========================================================================
Received Import Request.
  Time since last request: 0.008975 seconds.
  path: Assets/Sprites/Background Suggestion Fandom.jpg
  artifactKey: Guid(52140ed9421383a4ba2d3fe8f1c2c3ba) Importer(815301076,1909f56bfc062723c751e8b465ee728b)
Start importing Assets/Sprites/Background Suggestion Fandom.jpg using Guid(52140ed9421383a4ba2d3fe8f1c2c3ba) Importer(815301076,1909f56bfc062723c751e8b465ee728b)  -> (artifact id: 'de495cec781ee43c288d5b0137bd1cbe') in 0.011986 seconds 
  Import took 0.015065 seconds .

========================================================================
Received Import Request.
  Time since last request: 215.106954 seconds.
  path: Assets/TextMenu
  artifactKey: Guid(b9cbb1a98ac107b418a0d2802e1fb66c) Importer(815301076,1909f56bfc062723c751e8b465ee728b)
Start importing Assets/TextMenu using Guid(b9cbb1a98ac107b418a0d2802e1fb66c) Importer(815301076,1909f56bfc062723c751e8b465ee728b)  -> (artifact id: '2d41bbb9bd02923fd11c833d967506c6') in 0.006163 seconds 
  Import took 0.009135 seconds .

========================================================================
Received Import Request.
  Time since last request: 9.596072 seconds.
  path: Assets/TextMenu/New TMP Color Gradient.asset
  artifactKey: Guid(f3f05fc479c0a284896fcf7d55850aea) Importer(815301076,1909f56bfc062723c751e8b465ee728b)
Start importing Assets/TextMenu/New TMP Color Gradient.asset using Guid(f3f05fc479c0a284896fcf7d55850aea) Importer(815301076,1909f56bfc062723c751e8b465ee728b)  -> (artifact id: 'ebe37b39dc8f14eec20570e64437acd2') in 0.006864 seconds 
  Import took 0.009497 seconds .

========================================================================
Received Import Request.
  Time since last request: 0.001590 seconds.
  path: Assets/TextMenu/New TMP Color Gradient.asset
  artifactKey: Guid(f3f05fc479c0a284896fcf7d55850aea) Importer(815301076,1909f56bfc062723c751e8b465ee728b)
Start importing Assets/TextMenu/New TMP Color Gradient.asset using Guid(f3f05fc479c0a284896fcf7d55850aea) Importer(815301076,1909f56bfc062723c751e8b465ee728b)  -> (artifact id: 'ebe37b39dc8f14eec20570e64437acd2') in 0.002391 seconds 
  Import took 0.005610 seconds .

========================================================================
Received Import Request.
  Time since last request: 107.856842 seconds.
  path: Assets/TextMenu/Gold.asset
  artifactKey: Guid(f3f05fc479c0a284896fcf7d55850aea) Importer(815301076,1909f56bfc062723c751e8b465ee728b)
Start importing Assets/TextMenu/Gold.asset using Guid(f3f05fc479c0a284896fcf7d55850aea) Importer(815301076,1909f56bfc062723c751e8b465ee728b)  -> (artifact id: '32d118a95033785a86616f2cde8e55d1') in 0.006045 seconds 
  Import took 0.008835 seconds .

========================================================================
Received Import Request.
  Time since last request: 6.528291 seconds.
  path: Assets/TextMenu/Gold Color.asset
  artifactKey: Guid(f3f05fc479c0a284896fcf7d55850aea) Importer(815301076,1909f56bfc062723c751e8b465ee728b)
Start importing Assets/TextMenu/Gold Color.asset using Guid(f3f05fc479c0a284896fcf7d55850aea) Importer(815301076,1909f56bfc062723c751e8b465ee728b)  -> (artifact id: '1a6c2266a5f4d889c68447b8d57aa146') in 0.006958 seconds 
  Import took 0.009665 seconds .

========================================================================
Received Prepare
Registering precompiled user dll's ...
Registered in 0.002916 seconds.
Begin MonoManager ReloadAssembly
Native extension for WindowsStandalone target not found
Native extension for WebGL target not found
Refreshing native plugins compatible for Editor in 0.37 ms, found 2 plugins.
Preloading 0 native plugins for Editor in 0.00 ms.
Mono: successfully reloaded assembly
- Completed reload, in  1.072 seconds
Platform modules already initialized, skipping
Refreshing native plugins compatible for Editor in 0.39 ms, found 2 plugins.
Preloading 0 native plugins for Editor in 0.00 ms.
Unloading 1703 Unused Serialized files (Serialized files now loaded: 0)
System memory in use before: 89.7 MB.
System memory in use after: 89.8 MB.

Unloading 14 unused Assets to reduce memory usage. Loaded Objects now: 2214.
Total: 2.401500 ms (FindLiveObjects: 0.187200 ms CreateObjectMapping: 0.057500 ms MarkObjects: 2.088600 ms  DeleteObjects: 0.066400 ms)

AssetImportParameters requested are different than current active one (requested -> active):
  custom:framework-win-MediaFoundation: 216162199b28c13a410421893ffa2e32 -> 
  custom:video-decoder-ogg-theora: a1e56fd34408186e4bbccfd4996cb3dc -> 
  custom:container-muxer-webm: aa71ff27fc2769a1b78a27578f13a17b -> 
  custom:container-demuxer-webm: 4f35f7cbe854078d1ac9338744f61a02 -> 
  custom:container-demuxer-ogg: 62fdf1f143b41e24485cea50d1cbac27 -> 
  custom:video-encoder-webm-vp8: eb34c28f22e8b96e1ab97ce403110664 -> 
  custom:video-codec-MediaFoundation-h265: 746d11721c4dcdbdad8f713fa42b33f4 -> 
  custom:video-decoder-webm-vp8: 9c59270c3fd7afecdb556c50c9e8de78 -> 
  custom:audio-decoder-ogg-vorbis: bf7c407c2cedff20999df2af8eb42d56 -> 
  custom:audio-encoder-webm-vorbis: bf7c407c2cedff20999df2af8eb42d56 -> 
========================================================================
Received Prepare
Registering precompiled user dll's ...
Registered in 0.002645 seconds.
Begin MonoManager ReloadAssembly
Native extension for WindowsStandalone target not found
Native extension for WebGL target not found
Refreshing native plugins compatible for Editor in 0.36 ms, found 2 plugins.
Preloading 0 native plugins for Editor in 0.00 ms.
Mono: successfully reloaded assembly
- Completed reload, in  0.892 seconds
Platform modules already initialized, skipping
Refreshing native plugins compatible for Editor in 0.38 ms, found 2 plugins.
Preloading 0 native plugins for Editor in 0.00 ms.
Unloading 1703 Unused Serialized files (Serialized files now loaded: 0)
System memory in use before: 89.7 MB.
System memory in use after: 89.8 MB.

Unloading 14 unused Assets to reduce memory usage. Loaded Objects now: 2217.
Total: 2.049900 ms (FindLiveObjects: 0.178000 ms CreateObjectMapping: 0.056900 ms MarkObjects: 1.763000 ms  DeleteObjects: 0.051100 ms)

AssetImportParameters requested are different than current active one (requested -> active):
  custom:framework-win-MediaFoundation: 216162199b28c13a410421893ffa2e32 -> 
  custom:video-decoder-ogg-theora: a1e56fd34408186e4bbccfd4996cb3dc -> 
  custom:container-muxer-webm: aa71ff27fc2769a1b78a27578f13a17b -> 
  custom:container-demuxer-webm: 4f35f7cbe854078d1ac9338744f61a02 -> 
  custom:container-demuxer-ogg: 62fdf1f143b41e24485cea50d1cbac27 -> 
  custom:video-encoder-webm-vp8: eb34c28f22e8b96e1ab97ce403110664 -> 
  custom:video-codec-MediaFoundation-h265: 746d11721c4dcdbdad8f713fa42b33f4 -> 
  custom:video-decoder-webm-vp8: 9c59270c3fd7afecdb556c50c9e8de78 -> 
  custom:audio-decoder-ogg-vorbis: bf7c407c2cedff20999df2af8eb42d56 -> 
  custom:audio-encoder-webm-vorbis: bf7c407c2cedff20999df2af8eb42d56 -> 
========================================================================
Received Prepare
Registering precompiled user dll's ...
Registered in 0.002896 seconds.
Begin MonoManager ReloadAssembly
Native extension for WindowsStandalone target not found
Native extension for WebGL target not found
Refreshing native plugins compatible for Editor in 0.36 ms, found 2 plugins.
Preloading 0 native plugins for Editor in 0.00 ms.
Mono: successfully reloaded assembly
- Completed reload, in  0.874 seconds
Platform modules already initialized, skipping
Refreshing native plugins compatible for Editor in 0.37 ms, found 2 plugins.
Preloading 0 native plugins for Editor in 0.00 ms.
Unloading 1703 Unused Serialized files (Serialized files now loaded: 0)
System memory in use before: 89.7 MB.
System memory in use after: 89.8 MB.

Unloading 14 unused Assets to reduce memory usage. Loaded Objects now: 2220.
Total: 2.009400 ms (FindLiveObjects: 0.171500 ms CreateObjectMapping: 0.049300 ms MarkObjects: 1.739400 ms  DeleteObjects: 0.048300 ms)

AssetImportParameters requested are different than current active one (requested -> active):
  custom:framework-win-MediaFoundation: 216162199b28c13a410421893ffa2e32 -> 
  custom:video-decoder-ogg-theora: a1e56fd34408186e4bbccfd4996cb3dc -> 
  custom:container-muxer-webm: aa71ff27fc2769a1b78a27578f13a17b -> 
  custom:container-demuxer-webm: 4f35f7cbe854078d1ac9338744f61a02 -> 
  custom:container-demuxer-ogg: 62fdf1f143b41e24485cea50d1cbac27 -> 
  custom:video-encoder-webm-vp8: eb34c28f22e8b96e1ab97ce403110664 -> 
  custom:video-codec-MediaFoundation-h265: 746d11721c4dcdbdad8f713fa42b33f4 -> 
  custom:video-decoder-webm-vp8: 9c59270c3fd7afecdb556c50c9e8de78 -> 
  custom:audio-decoder-ogg-vorbis: bf7c407c2cedff20999df2af8eb42d56 -> 
  custom:audio-encoder-webm-vorbis: bf7c407c2cedff20999df2af8eb42d56 -> 
========================================================================
Received Prepare
Registering precompiled user dll's ...
Registered in 0.002654 seconds.
Begin MonoManager ReloadAssembly
Native extension for WindowsStandalone target not found
Native extension for WebGL target not found
Refreshing native plugins compatible for Editor in 0.39 ms, found 2 plugins.
Preloading 0 native plugins for Editor in 0.00 ms.
Mono: successfully reloaded assembly
- Completed reload, in  0.888 seconds
Platform modules already initialized, skipping
Refreshing native plugins compatible for Editor in 0.36 ms, found 2 plugins.
Preloading 0 native plugins for Editor in 0.00 ms.
Unloading 1703 Unused Serialized files (Serialized files now loaded: 0)
System memory in use before: 89.7 MB.
System memory in use after: 89.8 MB.

Unloading 14 unused Assets to reduce memory usage. Loaded Objects now: 2223.
Total: 2.222400 ms (FindLiveObjects: 0.162900 ms CreateObjectMapping: 0.049100 ms MarkObjects: 1.959600 ms  DeleteObjects: 0.049900 ms)

AssetImportParameters requested are different than current active one (requested -> active):
  custom:framework-win-MediaFoundation: 216162199b28c13a410421893ffa2e32 -> 
  custom:video-decoder-ogg-theora: a1e56fd34408186e4bbccfd4996cb3dc -> 
  custom:container-muxer-webm: aa71ff27fc2769a1b78a27578f13a17b -> 
  custom:container-demuxer-webm: 4f35f7cbe854078d1ac9338744f61a02 -> 
  custom:container-demuxer-ogg: 62fdf1f143b41e24485cea50d1cbac27 -> 
  custom:video-encoder-webm-vp8: eb34c28f22e8b96e1ab97ce403110664 -> 
  custom:video-codec-MediaFoundation-h265: 746d11721c4dcdbdad8f713fa42b33f4 -> 
  custom:video-decoder-webm-vp8: 9c59270c3fd7afecdb556c50c9e8de78 -> 
  custom:audio-decoder-ogg-vorbis: bf7c407c2cedff20999df2af8eb42d56 -> 
  custom:audio-encoder-webm-vorbis: bf7c407c2cedff20999df2af8eb42d56 -> 
========================================================================
Received Prepare
Registering precompiled user dll's ...
Registered in 0.002772 seconds.
Begin MonoManager ReloadAssembly
Native extension for WindowsStandalone target not found
Native extension for WebGL target not found
Refreshing native plugins compatible for Editor in 0.36 ms, found 2 plugins.
Preloading 0 native plugins for Editor in 0.00 ms.
Mono: successfully reloaded assembly
- Completed reload, in  0.882 seconds
Platform modules already initialized, skipping
Refreshing native plugins compatible for Editor in 0.37 ms, found 2 plugins.
Preloading 0 native plugins for Editor in 0.00 ms.
Unloading 1703 Unused Serialized files (Serialized files now loaded: 0)
System memory in use before: 89.7 MB.
System memory in use after: 89.8 MB.

Unloading 14 unused Assets to reduce memory usage. Loaded Objects now: 2226.
Total: 2.000000 ms (FindLiveObjects: 0.159800 ms CreateObjectMapping: 0.050200 ms MarkObjects: 1.734800 ms  DeleteObjects: 0.054200 ms)

AssetImportParameters requested are different than current active one (requested -> active):
  custom:framework-win-MediaFoundation: 216162199b28c13a410421893ffa2e32 -> 
  custom:video-decoder-ogg-theora: a1e56fd34408186e4bbccfd4996cb3dc -> 
  custom:container-muxer-webm: aa71ff27fc2769a1b78a27578f13a17b -> 
  custom:container-demuxer-webm: 4f35f7cbe854078d1ac9338744f61a02 -> 
  custom:container-demuxer-ogg: 62fdf1f143b41e24485cea50d1cbac27 -> 
  custom:video-encoder-webm-vp8: eb34c28f22e8b96e1ab97ce403110664 -> 
  custom:video-codec-MediaFoundation-h265: 746d11721c4dcdbdad8f713fa42b33f4 -> 
  custom:video-decoder-webm-vp8: 9c59270c3fd7afecdb556c50c9e8de78 -> 
  custom:audio-decoder-ogg-vorbis: bf7c407c2cedff20999df2af8eb42d56 -> 
  custom:audio-encoder-webm-vorbis: bf7c407c2cedff20999df2af8eb42d56 -> 
========================================================================
Received Prepare
Registering precompiled user dll's ...
Registered in 0.002800 seconds.
Begin MonoManager ReloadAssembly
Native extension for WindowsStandalone target not found
Native extension for WebGL target not found
Refreshing native plugins compatible for Editor in 0.38 ms, found 2 plugins.
Preloading 0 native plugins for Editor in 0.00 ms.
Mono: successfully reloaded assembly
- Completed reload, in  0.893 seconds
Platform modules already initialized, skipping
Refreshing native plugins compatible for Editor in 0.38 ms, found 2 plugins.
Preloading 0 native plugins for Editor in 0.00 ms.
Unloading 1703 Unused Serialized files (Serialized files now loaded: 0)
System memory in use before: 89.7 MB.
System memory in use after: 89.8 MB.

Unloading 14 unused Assets to reduce memory usage. Loaded Objects now: 2229.
Total: 1.918600 ms (FindLiveObjects: 0.155100 ms CreateObjectMapping: 0.062400 ms MarkObjects: 1.648300 ms  DeleteObjects: 0.051800 ms)

AssetImportParameters requested are different than current active one (requested -> active):
  custom:framework-win-MediaFoundation: 216162199b28c13a410421893ffa2e32 -> 
  custom:video-decoder-ogg-theora: a1e56fd34408186e4bbccfd4996cb3dc -> 
  custom:container-muxer-webm: aa71ff27fc2769a1b78a27578f13a17b -> 
  custom:container-demuxer-webm: 4f35f7cbe854078d1ac9338744f61a02 -> 
  custom:container-demuxer-ogg: 62fdf1f143b41e24485cea50d1cbac27 -> 
  custom:video-encoder-webm-vp8: eb34c28f22e8b96e1ab97ce403110664 -> 
  custom:video-codec-MediaFoundation-h265: 746d11721c4dcdbdad8f713fa42b33f4 -> 
  custom:video-decoder-webm-vp8: 9c59270c3fd7afecdb556c50c9e8de78 -> 
  custom:audio-decoder-ogg-vorbis: bf7c407c2cedff20999df2af8eb42d56 -> 
  custom:audio-encoder-webm-vorbis: bf7c407c2cedff20999df2af8eb42d56 -> 
========================================================================
Received Import Request.
  Time since last request: 2008.922462 seconds.
  path: Assets/Scripts/MenuScripts
  artifactKey: Guid(d090a4f69285a644aa92ce40237665fe) Importer(815301076,1909f56bfc062723c751e8b465ee728b)
Start importing Assets/Scripts/MenuScripts using Guid(d090a4f69285a644aa92ce40237665fe) Importer(815301076,1909f56bfc062723c751e8b465ee728b)  -> (artifact id: '0e7b76be19b82008c2d1cc6552b2b852') in 0.008354 seconds 
  Import took 0.011603 seconds .

========================================================================
Received Import Request.
  Time since last request: 0.001932 seconds.
  path: Assets/Scripts/MenuScripts
  artifactKey: Guid(d090a4f69285a644aa92ce40237665fe) Importer(815301076,1909f56bfc062723c751e8b465ee728b)
Start importing Assets/Scripts/MenuScripts using Guid(d090a4f69285a644aa92ce40237665fe) Importer(815301076,1909f56bfc062723c751e8b465ee728b)  -> (artifact id: '0e7b76be19b82008c2d1cc6552b2b852') in 0.001899 seconds 
  Import took 0.004504 seconds .

========================================================================
Received Import Request.
  Time since last request: 12.861691 seconds.
  path: Assets/Scripts/MenuScripts/MainMenu.cs
  artifactKey: Guid(c7c8f302daa489b4989157f32309eb64) Importer(815301076,1909f56bfc062723c751e8b465ee728b)
Start importing Assets/Scripts/MenuScripts/MainMenu.cs using Guid(c7c8f302daa489b4989157f32309eb64) Importer(815301076,1909f56bfc062723c751e8b465ee728b)  -> (artifact id: '0cbf2f06a4b8afc6b9c91e81c378c3ca') in 0.008496 seconds 
  Import took 0.011302 seconds .

========================================================================
Received Prepare
Registering precompiled user dll's ...
Registered in 0.002642 seconds.
Begin MonoManager ReloadAssembly
Native extension for WindowsStandalone target not found
Native extension for WebGL target not found
Refreshing native plugins compatible for Editor in 0.36 ms, found 2 plugins.
Preloading 0 native plugins for Editor in 0.00 ms.
Mono: successfully reloaded assembly
- Completed reload, in  0.909 seconds
Platform modules already initialized, skipping
Refreshing native plugins compatible for Editor in 0.38 ms, found 2 plugins.
Preloading 0 native plugins for Editor in 0.00 ms.
Unloading 1704 Unused Serialized files (Serialized files now loaded: 0)
System memory in use before: 89.8 MB.
System memory in use after: 89.9 MB.

Unloading 14 unused Assets to reduce memory usage. Loaded Objects now: 2233.
Total: 1.969000 ms (FindLiveObjects: 0.135900 ms CreateObjectMapping: 0.045000 ms MarkObjects: 1.740400 ms  DeleteObjects: 0.046900 ms)

AssetImportParameters requested are different than current active one (requested -> active):
  custom:framework-win-MediaFoundation: 216162199b28c13a410421893ffa2e32 -> 
  custom:video-decoder-ogg-theora: a1e56fd34408186e4bbccfd4996cb3dc -> 
  custom:container-muxer-webm: aa71ff27fc2769a1b78a27578f13a17b -> 
  custom:container-demuxer-webm: 4f35f7cbe854078d1ac9338744f61a02 -> 
  custom:container-demuxer-ogg: 62fdf1f143b41e24485cea50d1cbac27 -> 
  custom:video-encoder-webm-vp8: eb34c28f22e8b96e1ab97ce403110664 -> 
  custom:video-codec-MediaFoundation-h265: 746d11721c4dcdbdad8f713fa42b33f4 -> 
  custom:video-decoder-webm-vp8: 9c59270c3fd7afecdb556c50c9e8de78 -> 
  custom:audio-decoder-ogg-vorbis: bf7c407c2cedff20999df2af8eb42d56 -> 
  custom:audio-encoder-webm-vorbis: bf7c407c2cedff20999df2af8eb42d56 -> 
========================================================================
Received Prepare
Registering precompiled user dll's ...
Registered in 0.002522 seconds.
Begin MonoManager ReloadAssembly
Native extension for WindowsStandalone target not found
Native extension for WebGL target not found
Refreshing native plugins compatible for Editor in 0.37 ms, found 2 plugins.
Preloading 0 native plugins for Editor in 0.00 ms.
Mono: successfully reloaded assembly
- Completed reload, in  0.980 seconds
Platform modules already initialized, skipping
Refreshing native plugins compatible for Editor in 0.37 ms, found 2 plugins.
Preloading 0 native plugins for Editor in 0.00 ms.
Unloading 1704 Unused Serialized files (Serialized files now loaded: 0)
System memory in use before: 89.9 MB.
System memory in use after: 90.0 MB.

Unloading 14 unused Assets to reduce memory usage. Loaded Objects now: 2236.
Total: 2.068400 ms (FindLiveObjects: 0.180900 ms CreateObjectMapping: 0.062600 ms MarkObjects: 1.776500 ms  DeleteObjects: 0.047500 ms)

AssetImportParameters requested are different than current active one (requested -> active):
  custom:framework-win-MediaFoundation: 216162199b28c13a410421893ffa2e32 -> 
  custom:video-decoder-ogg-theora: a1e56fd34408186e4bbccfd4996cb3dc -> 
  custom:container-muxer-webm: aa71ff27fc2769a1b78a27578f13a17b -> 
  custom:container-demuxer-webm: 4f35f7cbe854078d1ac9338744f61a02 -> 
  custom:container-demuxer-ogg: 62fdf1f143b41e24485cea50d1cbac27 -> 
  custom:video-encoder-webm-vp8: eb34c28f22e8b96e1ab97ce403110664 -> 
  custom:video-codec-MediaFoundation-h265: 746d11721c4dcdbdad8f713fa42b33f4 -> 
  custom:video-decoder-webm-vp8: 9c59270c3fd7afecdb556c50c9e8de78 -> 
  custom:audio-decoder-ogg-vorbis: bf7c407c2cedff20999df2af8eb42d56 -> 
  custom:audio-encoder-webm-vorbis: bf7c407c2cedff20999df2af8eb42d56 -> 
========================================================================
Received Prepare
Registering precompiled user dll's ...
Registered in 0.002615 seconds.
Begin MonoManager ReloadAssembly
Native extension for WindowsStandalone target not found
Native extension for WebGL target not found
Refreshing native plugins compatible for Editor in 0.40 ms, found 2 plugins.
Preloading 0 native plugins for Editor in 0.00 ms.
Mono: successfully reloaded assembly
- Completed reload, in  0.938 seconds
Platform modules already initialized, skipping
Refreshing native plugins compatible for Editor in 0.37 ms, found 2 plugins.
Preloading 0 native plugins for Editor in 0.00 ms.
Unloading 1704 Unused Serialized files (Serialized files now loaded: 0)
System memory in use before: 89.9 MB.
System memory in use after: 90.0 MB.

Unloading 14 unused Assets to reduce memory usage. Loaded Objects now: 2239.
Total: 1.780800 ms (FindLiveObjects: 0.139600 ms CreateObjectMapping: 0.044600 ms MarkObjects: 1.547000 ms  DeleteObjects: 0.048800 ms)

AssetImportParameters requested are different than current active one (requested -> active):
  custom:framework-win-MediaFoundation: 216162199b28c13a410421893ffa2e32 -> 
  custom:video-decoder-ogg-theora: a1e56fd34408186e4bbccfd4996cb3dc -> 
  custom:container-muxer-webm: aa71ff27fc2769a1b78a27578f13a17b -> 
  custom:container-demuxer-webm: 4f35f7cbe854078d1ac9338744f61a02 -> 
  custom:container-demuxer-ogg: 62fdf1f143b41e24485cea50d1cbac27 -> 
  custom:video-encoder-webm-vp8: eb34c28f22e8b96e1ab97ce403110664 -> 
  custom:video-codec-MediaFoundation-h265: 746d11721c4dcdbdad8f713fa42b33f4 -> 
  custom:video-decoder-webm-vp8: 9c59270c3fd7afecdb556c50c9e8de78 -> 
  custom:audio-decoder-ogg-vorbis: bf7c407c2cedff20999df2af8eb42d56 -> 
  custom:audio-encoder-webm-vorbis: bf7c407c2cedff20999df2af8eb42d56 -> 
========================================================================
Received Import Request.
  Time since last request: 336.978402 seconds.
  path: Assets/ImportAssets/PrefabAssets/Mini Legion Footman PBR HP Polyart/Textures/PBR/Albedo.png
  artifactKey: Guid(1a15d5d96db9cd14aa8ae7df31186341) Importer(815301076,1909f56bfc062723c751e8b465ee728b)
Start importing Assets/ImportAssets/PrefabAssets/Mini Legion Footman PBR HP Polyart/Textures/PBR/Albedo.png using Guid(1a15d5d96db9cd14aa8ae7df31186341) Importer(815301076,1909f56bfc062723c751e8b465ee728b)  -> (artifact id: 'a9cd28ad4eba8d679aab5d2f925f34a5') in 0.098042 seconds 
  Import took 0.101068 seconds .

========================================================================
Received Import Request.
  Time since last request: 0.000354 seconds.
  path: Assets/ImportAssets/PrefabAssets/Mini Legion Rock Golem PBR HP Polyart/Textures/AlbedoGolem.png
  artifactKey: Guid(8e14ac0e081c92e419d772a166b7ebd3) Importer(815301076,1909f56bfc062723c751e8b465ee728b)
Start importing Assets/ImportAssets/PrefabAssets/Mini Legion Rock Golem PBR HP Polyart/Textures/AlbedoGolem.png using Guid(8e14ac0e081c92e419d772a166b7ebd3) Importer(815301076,1909f56bfc062723c751e8b465ee728b)  -> (artifact id: '507d574474cb201c0f2924e8643b9595') in 0.089928 seconds 
  Import took 0.092575 seconds .

========================================================================
Received Import Request.
  Time since last request: 0.000284 seconds.
  path: Assets/ImportAssets/PrefabAssets/Mini Legion Footman PBR HP Polyart/Textures/PBR/Albedo.png
  artifactKey: Guid(1a15d5d96db9cd14aa8ae7df31186341) Importer(815301076,1909f56bfc062723c751e8b465ee728b)
Start importing Assets/ImportAssets/PrefabAssets/Mini Legion Footman PBR HP Polyart/Textures/PBR/Albedo.png using Guid(1a15d5d96db9cd14aa8ae7df31186341) Importer(815301076,1909f56bfc062723c751e8b465ee728b)  -> (artifact id: 'a9cd28ad4eba8d679aab5d2f925f34a5') in 0.025468 seconds 
  Import took 0.028627 seconds .

========================================================================
Received Import Request.
  Time since last request: 0.000316 seconds.
  path: Assets/ImportAssets/PrefabAssets/Mini Legion Lich PBR HP Polyart/Textures/PBR/Albedo.png
  artifactKey: Guid(607d064242915a040b685a36ec2dfafd) Importer(815301076,1909f56bfc062723c751e8b465ee728b)
Start importing Assets/ImportAssets/PrefabAssets/Mini Legion Lich PBR HP Polyart/Textures/PBR/Albedo.png using Guid(607d064242915a040b685a36ec2dfafd) Importer(815301076,1909f56bfc062723c751e8b465ee728b)  -> (artifact id: '2acd72f0461cfa77f11a6fc406a88451') in 0.025589 seconds 
  Import took 0.028774 seconds .

========================================================================
Received Import Request.
  Time since last request: 0.000298 seconds.
  path: Assets/ImportAssets/PrefabAssets/Mini Legion Footman PBR HP Polyart/Textures/PBR/AO.png
  artifactKey: Guid(456f5f77223064047abf76bc1ad997ec) Importer(815301076,1909f56bfc062723c751e8b465ee728b)
Start importing Assets/ImportAssets/PrefabAssets/Mini Legion Footman PBR HP Polyart/Textures/PBR/AO.png using Guid(456f5f77223064047abf76bc1ad997ec) Importer(815301076,1909f56bfc062723c751e8b465ee728b)  -> (artifact id: '403d0d3cb58fe3ad1e9aa2163b441328') in 0.057873 seconds 
  Import took 0.061247 seconds .

========================================================================
Received Import Request.
  Time since last request: 0.003281 seconds.
  path: Assets/ImportAssets/PrefabAssets/Mini Legion Footman PBR HP Polyart/Textures/PBR/AO.png
  artifactKey: Guid(456f5f77223064047abf76bc1ad997ec) Importer(815301076,1909f56bfc062723c751e8b465ee728b)
Start importing Assets/ImportAssets/PrefabAssets/Mini Legion Footman PBR HP Polyart/Textures/PBR/AO.png using Guid(456f5f77223064047abf76bc1ad997ec) Importer(815301076,1909f56bfc062723c751e8b465ee728b)  -> (artifact id: '403d0d3cb58fe3ad1e9aa2163b441328') in 0.012272 seconds 
  Import took 0.015360 seconds .

========================================================================
Received Prepare
Registering precompiled user dll's ...
Registered in 0.002931 seconds.
Begin MonoManager ReloadAssembly
Native extension for WindowsStandalone target not found
Native extension for WebGL target not found
Refreshing native plugins compatible for Editor in 0.36 ms, found 2 plugins.
Preloading 0 native plugins for Editor in 0.00 ms.
Mono: successfully reloaded assembly
- Completed reload, in  0.931 seconds
Platform modules already initialized, skipping
Refreshing native plugins compatible for Editor in 0.37 ms, found 2 plugins.
Preloading 0 native plugins for Editor in 0.00 ms.
Unloading 1704 Unused Serialized files (Serialized files now loaded: 0)
System memory in use before: 89.9 MB.
System memory in use after: 90.0 MB.

Unloading 14 unused Assets to reduce memory usage. Loaded Objects now: 2243.
Total: 2.001600 ms (FindLiveObjects: 0.148100 ms CreateObjectMapping: 0.053000 ms MarkObjects: 1.754100 ms  DeleteObjects: 0.045600 ms)

AssetImportParameters requested are different than current active one (requested -> active):
  custom:framework-win-MediaFoundation: 216162199b28c13a410421893ffa2e32 -> 
  custom:video-decoder-ogg-theora: a1e56fd34408186e4bbccfd4996cb3dc -> 
  custom:container-muxer-webm: aa71ff27fc2769a1b78a27578f13a17b -> 
  custom:container-demuxer-webm: 4f35f7cbe854078d1ac9338744f61a02 -> 
  custom:container-demuxer-ogg: 62fdf1f143b41e24485cea50d1cbac27 -> 
  custom:video-encoder-webm-vp8: eb34c28f22e8b96e1ab97ce403110664 -> 
  custom:video-codec-MediaFoundation-h265: 746d11721c4dcdbdad8f713fa42b33f4 -> 
  custom:video-decoder-webm-vp8: 9c59270c3fd7afecdb556c50c9e8de78 -> 
  custom:audio-decoder-ogg-vorbis: bf7c407c2cedff20999df2af8eb42d56 -> 
  custom:audio-encoder-webm-vorbis: bf7c407c2cedff20999df2af8eb42d56 -> 
========================================================================
Received Prepare
Registering precompiled user dll's ...
Registered in 0.002756 seconds.
Begin MonoManager ReloadAssembly
Native extension for WindowsStandalone target not found
Native extension for WebGL target not found
Refreshing native plugins compatible for Editor in 0.38 ms, found 2 plugins.
Preloading 0 native plugins for Editor in 0.00 ms.
Mono: successfully reloaded assembly
- Completed reload, in  0.920 seconds
Platform modules already initialized, skipping
Refreshing native plugins compatible for Editor in 0.36 ms, found 2 plugins.
Preloading 0 native plugins for Editor in 0.00 ms.
Unloading 1704 Unused Serialized files (Serialized files now loaded: 0)
System memory in use before: 89.9 MB.
System memory in use after: 90.0 MB.

Unloading 14 unused Assets to reduce memory usage. Loaded Objects now: 2246.
Total: 2.034400 ms (FindLiveObjects: 0.140600 ms CreateObjectMapping: 0.045500 ms MarkObjects: 1.799500 ms  DeleteObjects: 0.047800 ms)

AssetImportParameters requested are different than current active one (requested -> active):
  custom:framework-win-MediaFoundation: 216162199b28c13a410421893ffa2e32 -> 
  custom:video-decoder-ogg-theora: a1e56fd34408186e4bbccfd4996cb3dc -> 
  custom:container-muxer-webm: aa71ff27fc2769a1b78a27578f13a17b -> 
  custom:container-demuxer-webm: 4f35f7cbe854078d1ac9338744f61a02 -> 
  custom:container-demuxer-ogg: 62fdf1f143b41e24485cea50d1cbac27 -> 
  custom:video-encoder-webm-vp8: eb34c28f22e8b96e1ab97ce403110664 -> 
  custom:video-codec-MediaFoundation-h265: 746d11721c4dcdbdad8f713fa42b33f4 -> 
  custom:video-decoder-webm-vp8: 9c59270c3fd7afecdb556c50c9e8de78 -> 
  custom:audio-decoder-ogg-vorbis: bf7c407c2cedff20999df2af8eb42d56 -> 
  custom:audio-encoder-webm-vorbis: bf7c407c2cedff20999df2af8eb42d56 -> 
========================================================================
Received Prepare
Registering precompiled user dll's ...
Registered in 0.003070 seconds.
Begin MonoManager ReloadAssembly
Native extension for WindowsStandalone target not found
Native extension for WebGL target not found
Refreshing native plugins compatible for Editor in 0.41 ms, found 2 plugins.
Preloading 0 native plugins for Editor in 0.00 ms.
Mono: successfully reloaded assembly
- Completed reload, in  0.933 seconds
Platform modules already initialized, skipping
Refreshing native plugins compatible for Editor in 0.36 ms, found 2 plugins.
Preloading 0 native plugins for Editor in 0.00 ms.
Unloading 1704 Unused Serialized files (Serialized files now loaded: 0)
System memory in use before: 89.9 MB.
System memory in use after: 90.0 MB.

Unloading 14 unused Assets to reduce memory usage. Loaded Objects now: 2249.
Total: 2.173800 ms (FindLiveObjects: 0.172600 ms CreateObjectMapping: 0.060300 ms MarkObjects: 1.887300 ms  DeleteObjects: 0.052500 ms)

AssetImportParameters requested are different than current active one (requested -> active):
  custom:framework-win-MediaFoundation: 216162199b28c13a410421893ffa2e32 -> 
  custom:video-decoder-ogg-theora: a1e56fd34408186e4bbccfd4996cb3dc -> 
  custom:container-muxer-webm: aa71ff27fc2769a1b78a27578f13a17b -> 
  custom:container-demuxer-webm: 4f35f7cbe854078d1ac9338744f61a02 -> 
  custom:container-demuxer-ogg: 62fdf1f143b41e24485cea50d1cbac27 -> 
  custom:video-encoder-webm-vp8: eb34c28f22e8b96e1ab97ce403110664 -> 
  custom:video-codec-MediaFoundation-h265: 746d11721c4dcdbdad8f713fa42b33f4 -> 
  custom:video-decoder-webm-vp8: 9c59270c3fd7afecdb556c50c9e8de78 -> 
  custom:audio-decoder-ogg-vorbis: bf7c407c2cedff20999df2af8eb42d56 -> 
  custom:audio-encoder-webm-vorbis: bf7c407c2cedff20999df2af8eb42d56 -> 
========================================================================
Received Import Request.
  Time since last request: 392.777681 seconds.
  path: Assets/TextMenu/New TMP Color Gradient.asset
  artifactKey: Guid(19aafd7ad38307b4d9c1045330bfd891) Importer(815301076,1909f56bfc062723c751e8b465ee728b)
Start importing Assets/TextMenu/New TMP Color Gradient.asset using Guid(19aafd7ad38307b4d9c1045330bfd891) Importer(815301076,1909f56bfc062723c751e8b465ee728b)  -> (artifact id: '8b37f1b65cb2487a0585660622449dd7') in 0.021883 seconds 
  Import took 0.025002 seconds .

========================================================================
Received Import Request.
  Time since last request: 225.893213 seconds.
  path: Assets/TextMenu/New TMP Color Gradient.asset
  artifactKey: Guid(19aafd7ad38307b4d9c1045330bfd891) Importer(815301076,1909f56bfc062723c751e8b465ee728b)
Start importing Assets/TextMenu/New TMP Color Gradient.asset using Guid(19aafd7ad38307b4d9c1045330bfd891) Importer(815301076,1909f56bfc062723c751e8b465ee728b)  -> (artifact id: 'c2df3cab2bdf5e0591ea5273f7cb88ba') in 0.002431 seconds 
  Import took 0.005260 seconds .

========================================================================
Received Import Request.
  Time since last request: 108.728484 seconds.
  path: Assets/TextMenu/New TMP Color Gradient.asset
  artifactKey: Guid(19aafd7ad38307b4d9c1045330bfd891) Importer(815301076,1909f56bfc062723c751e8b465ee728b)
Start importing Assets/TextMenu/New TMP Color Gradient.asset using Guid(19aafd7ad38307b4d9c1045330bfd891) Importer(815301076,1909f56bfc062723c751e8b465ee728b)  -> (artifact id: 'f3633233b9b1987fe2ed8203c5e11ba0') in 0.002560 seconds 
  Import took 0.005662 seconds .

========================================================================
Received Import Request.
  Time since last request: 1753.219247 seconds.
  path: Assets/TextMenu/Title Color.asset
  artifactKey: Guid(19aafd7ad38307b4d9c1045330bfd891) Importer(815301076,1909f56bfc062723c751e8b465ee728b)
Start importing Assets/TextMenu/Title Color.asset using Guid(19aafd7ad38307b4d9c1045330bfd891) Importer(815301076,1909f56bfc062723c751e8b465ee728b)  -> (artifact id: 'f80e8eaf0fd92f532c1ae049c5cca439') in 0.008171 seconds 
  Import took 0.011546 seconds .

AssetImportWorkerClient::OnTransportError - code=2 error=End of file
